<?xml version="1.0" encoding="UTF-8"?>
<!-- Generated by org.testng.reporters.JUnitXMLReporter -->
<testsuite hostname="MSI" ignored="0" name="Default test" tests="5" failures="0" timestamp="27 Nov 2023 11:59:52 GMT" time="14.249" errors="0">
  <testcase name="loginWithValidCredentials" time="3.316" classname="com.testcase.blackbox.BlackBoxTest.TestLogin"/>
  <testcase name="loginWithNonexistentUser" time="0.331" classname="com.testcase.blackbox.BlackBoxTest.TestLogin"/>
  <testcase name="validateFunctionWithShortCredentials" time="0.267" classname="com.testcase.blackbox.BlackBoxTest.TestLogin"/>
  <testcase name="validateFunctionWithNumericUsername" time="0.31" classname="com.testcase.blackbox.BlackBoxTest.TestLogin"/>
  <testcase name="validateFunctionWithEmptyCredentials" time="0.248" classname="com.testcase.blackbox.BlackBoxTest.TestLogin"/>
</testsuite> <!-- Default test -->
