<?xml version="1.0" encoding="UTF-8"?>
<testng-results skipped="0" failed="0" ignored="0" total="0" passed="0">
  <reporter-output>
  </reporter-output>
  <suite name="com.testcase.blackbox.BlackBoxTest.AppTest" duration-ms="5" started-at="2023-11-26T04:30:31Z" finished-at="2023-11-26T04:30:31Z">
    <groups>
    </groups>
    <test name="Command line test" duration-ms="5" started-at="2023-11-26T04:30:31Z" finished-at="2023-11-26T04:30:31Z">
    </test> <!-- Command line test -->
  </suite> <!-- com.testcase.blackbox.BlackBoxTest.AppTest -->
</testng-results>
