<?xml version="1.0" encoding="UTF-8"?>
<testng-results skipped="0" failed="0" ignored="0" total="5" passed="5">
  <reporter-output>
  </reporter-output>
  <suite name="Practice Suite" duration-ms="24754" started-at="2023-11-27T15:45:18Z" finished-at="2023-11-27T15:45:43Z">
    <groups>
    </groups>
    <test name="Test Basics 1" duration-ms="24754" started-at="2023-11-27T15:45:18Z" finished-at="2023-11-27T15:45:43Z">
      <class name="com.testcase.blackbox.BlackBoxTest.TestSearchProduct">
        <test-method status="PASS" signature="setUp()[pri:0, instance:com.testcase.blackbox.BlackBoxTest.TestSearchProduct@55f3ddb1]" name="setUp" is-config="true" duration-ms="3587" started-at="2023-11-27T15:45:19Z" finished-at="2023-11-27T15:45:22Z">
          <reporter-output>
          </reporter-output>
        </test-method> <!-- setUp -->
        <test-method status="PASS" signature="searchWithOptionTrue()[pri:1, instance:com.testcase.blackbox.BlackBoxTest.TestSearchProduct@55f3ddb1]" name="searchWithOptionTrue" duration-ms="2284" started-at="2023-11-27T15:45:22Z" finished-at="2023-11-27T15:45:24Z">
          <reporter-output>
          </reporter-output>
        </test-method> <!-- searchWithOptionTrue -->
        <test-method status="PASS" signature="tearDown()[pri:0, instance:com.testcase.blackbox.BlackBoxTest.TestSearchProduct@55f3ddb1]" name="tearDown" is-config="true" duration-ms="205" started-at="2023-11-27T15:45:24Z" finished-at="2023-11-27T15:45:25Z">
          <reporter-output>
          </reporter-output>
        </test-method> <!-- tearDown -->
        <test-method status="PASS" signature="setUp()[pri:0, instance:com.testcase.blackbox.BlackBoxTest.TestSearchProduct@55f3ddb1]" name="setUp" is-config="true" duration-ms="2072" started-at="2023-11-27T15:45:25Z" finished-at="2023-11-27T15:45:27Z">
          <reporter-output>
          </reporter-output>
        </test-method> <!-- setUp -->
        <test-method status="PASS" signature="searchWithOptionResulNull()[pri:2, instance:com.testcase.blackbox.BlackBoxTest.TestSearchProduct@55f3ddb1]" name="searchWithOptionResulNull" duration-ms="2350" started-at="2023-11-27T15:45:27Z" finished-at="2023-11-27T15:45:29Z">
          <reporter-output>
          </reporter-output>
        </test-method> <!-- searchWithOptionResulNull -->
        <test-method status="PASS" signature="tearDown()[pri:0, instance:com.testcase.blackbox.BlackBoxTest.TestSearchProduct@55f3ddb1]" name="tearDown" is-config="true" duration-ms="227" started-at="2023-11-27T15:45:29Z" finished-at="2023-11-27T15:45:29Z">
          <reporter-output>
          </reporter-output>
        </test-method> <!-- tearDown -->
        <test-method status="PASS" signature="setUp()[pri:0, instance:com.testcase.blackbox.BlackBoxTest.TestSearchProduct@55f3ddb1]" name="setUp" is-config="true" duration-ms="2016" started-at="2023-11-27T15:45:29Z" finished-at="2023-11-27T15:45:31Z">
          <reporter-output>
          </reporter-output>
        </test-method> <!-- setUp -->
        <test-method status="PASS" signature="searchWithOptionInputNull()[pri:3, instance:com.testcase.blackbox.BlackBoxTest.TestSearchProduct@55f3ddb1]" name="searchWithOptionInputNull" duration-ms="214" started-at="2023-11-27T15:45:31Z" finished-at="2023-11-27T15:45:31Z">
          <reporter-output>
          </reporter-output>
        </test-method> <!-- searchWithOptionInputNull -->
        <test-method status="PASS" signature="tearDown()[pri:0, instance:com.testcase.blackbox.BlackBoxTest.TestSearchProduct@55f3ddb1]" name="tearDown" is-config="true" duration-ms="135" started-at="2023-11-27T15:45:31Z" finished-at="2023-11-27T15:45:32Z">
          <reporter-output>
          </reporter-output>
        </test-method> <!-- tearDown -->
        <test-method status="PASS" signature="setUp()[pri:0, instance:com.testcase.blackbox.BlackBoxTest.TestSearchProduct@55f3ddb1]" name="setUp" is-config="true" duration-ms="2012" started-at="2023-11-27T15:45:32Z" finished-at="2023-11-27T15:45:34Z">
          <reporter-output>
          </reporter-output>
        </test-method> <!-- setUp -->
        <test-method status="PASS" signature="searchWithOptionInputNotCaseSensitive()[pri:4, instance:com.testcase.blackbox.BlackBoxTest.TestSearchProduct@55f3ddb1]" name="searchWithOptionInputNotCaseSensitive" duration-ms="2284" started-at="2023-11-27T15:45:34Z" finished-at="2023-11-27T15:45:36Z">
          <reporter-output>
          </reporter-output>
        </test-method> <!-- searchWithOptionInputNotCaseSensitive -->
        <test-method status="PASS" signature="tearDown()[pri:0, instance:com.testcase.blackbox.BlackBoxTest.TestSearchProduct@55f3ddb1]" name="tearDown" is-config="true" duration-ms="227" started-at="2023-11-27T15:45:36Z" finished-at="2023-11-27T15:45:36Z">
          <reporter-output>
          </reporter-output>
        </test-method> <!-- tearDown -->
        <test-method status="PASS" signature="setUp()[pri:0, instance:com.testcase.blackbox.BlackBoxTest.TestSearchProduct@55f3ddb1]" name="setUp" is-config="true" duration-ms="2204" started-at="2023-11-27T15:45:36Z" finished-at="2023-11-27T15:45:38Z">
          <reporter-output>
          </reporter-output>
        </test-method> <!-- setUp -->
        <test-method status="PASS" signature="searchWithOptionFilterNoResult()[pri:5, instance:com.testcase.blackbox.BlackBoxTest.TestSearchProduct@55f3ddb1]" name="searchWithOptionFilterNoResult" duration-ms="4672" started-at="2023-11-27T15:45:38Z" finished-at="2023-11-27T15:45:43Z">
          <reporter-output>
          </reporter-output>
        </test-method> <!-- searchWithOptionFilterNoResult -->
        <test-method status="PASS" signature="tearDown()[pri:0, instance:com.testcase.blackbox.BlackBoxTest.TestSearchProduct@55f3ddb1]" name="tearDown" is-config="true" duration-ms="216" started-at="2023-11-27T15:45:43Z" finished-at="2023-11-27T15:45:43Z">
          <reporter-output>
          </reporter-output>
        </test-method> <!-- tearDown -->
      </class> <!-- com.testcase.blackbox.BlackBoxTest.TestSearchProduct -->
    </test> <!-- Test Basics 1 -->
  </suite> <!-- Practice Suite -->
</testng-results>
