<?xml version="1.0" encoding="UTF-8"?>
<!-- Generated by org.testng.reporters.JUnitXMLReporter -->
<testsuite hostname="MSI" ignored="0" name="Test Basics 1" tests="5" failures="0" timestamp="27 Nov 2023 15:45:43 GMT" time="24.754" errors="0">
  <testcase name="searchWithOptionTrue" time="2.284" classname="com.testcase.blackbox.BlackBoxTest.TestSearchProduct"/>
  <testcase name="searchWithOptionResulNull" time="2.35" classname="com.testcase.blackbox.BlackBoxTest.TestSearchProduct"/>
  <testcase name="searchWithOptionInputNull" time="0.214" classname="com.testcase.blackbox.BlackBoxTest.TestSearchProduct"/>
  <testcase name="searchWithOptionInputNotCaseSensitive" time="2.284" classname="com.testcase.blackbox.BlackBoxTest.TestSearchProduct"/>
  <testcase name="searchWithOptionFilterNoResult" time="4.672" classname="com.testcase.blackbox.BlackBoxTest.TestSearchProduct"/>
</testsuite> <!-- Test Basics 1 -->
